2020-03-18 11:17:59.809  INFO 14916 --- [restartedMain] c.opzpy123.opzpy123.Opzpy123Application  : Starting Opzpy123Application on opzpy123 with PID 14916 (C:\IDEA_WorkSpace\opzpy123\target\classes started by opzpy123 in C:\IDEA_WorkSpace\opzpy123)
2020-03-18 11:17:59.814  INFO 14916 --- [restartedMain] c.opzpy123.opzpy123.Opzpy123Application  : No active profile set, falling back to default profiles: default
2020-03-18 11:17:59.855  INFO 14916 --- [restartedMain] .e.DevToolsPropertyDefaultsPostProcessor : Devtools property defaults active! Set 'spring.devtools.add-properties' to 'false' to disable
2020-03-18 11:17:59.855  INFO 14916 --- [restartedMain] .e.DevToolsPropertyDefaultsPostProcessor : For additional web related logging consider setting the 'logging.level.web' property to 'DEBUG'
2020-03-18 11:18:00.541  WARN 14916 --- [restartedMain] o.m.s.mapper.ClassPathMapperScanner      : No MyBatis mapper was found in '[com.opzpy123.opzpy123]' package. Please check your configuration.
2020-03-18 11:18:01.021  INFO 14916 --- [restartedMain] o.s.b.w.embedded.tomcat.TomcatWebServer  : Tomcat initialized with port(s): 8888 (http)
2020-03-18 11:18:01.029  INFO 14916 --- [restartedMain] o.apache.catalina.core.StandardService   : Starting service [Tomcat]
2020-03-18 11:18:01.030  INFO 14916 --- [restartedMain] org.apache.catalina.core.StandardEngine  : Starting Servlet engine: [Apache Tomcat/9.0.31]
2020-03-18 11:18:01.103  INFO 14916 --- [restartedMain] o.a.c.c.C.[Tomcat].[localhost].[/]       : Initializing Spring embedded WebApplicationContext
2020-03-18 11:18:01.104  INFO 14916 --- [restartedMain] o.s.web.context.ContextLoader            : Root WebApplicationContext: initialization completed in 1249 ms
2020-03-18 11:18:01.262  INFO 14916 --- [restartedMain] o.s.s.concurrent.ThreadPoolTaskExecutor  : Initializing ExecutorService 'applicationTaskExecutor'
2020-03-18 11:18:01.329  INFO 14916 --- [restartedMain] o.s.b.a.w.s.WelcomePageHandlerMapping    : Adding welcome page template: index
2020-03-18 11:18:01.379  WARN 14916 --- [restartedMain] org.thymeleaf.templatemode.TemplateMode  : [THYMELEAF][restartedMain] Template Mode 'LEGACYHTML5' is deprecated. Using Template Mode 'HTML' instead.
2020-03-18 11:18:01.584  INFO 14916 --- [restartedMain] o.s.b.d.a.OptionalLiveReloadServer       : LiveReload server is running on port 35729
2020-03-18 11:18:01.623  INFO 14916 --- [restartedMain] o.s.b.w.embedded.tomcat.TomcatWebServer  : Tomcat started on port(s): 8888 (http) with context path ''
2020-03-18 11:18:01.625  INFO 14916 --- [restartedMain] c.opzpy123.opzpy123.Opzpy123Application  : Started Opzpy123Application in 2.446 seconds (JVM running for 6.663)
2020-03-18 11:29:09.415  INFO 12744 --- [restartedMain] c.opzpy123.opzpy123.Opzpy123Application  : Starting Opzpy123Application on opzpy123 with PID 12744 (C:\IDEA_WorkSpace\opzpy123\target\classes started by opzpy123 in C:\IDEA_WorkSpace\opzpy123)
2020-03-18 11:29:09.418  INFO 12744 --- [restartedMain] c.opzpy123.opzpy123.Opzpy123Application  : No active profile set, falling back to default profiles: default
2020-03-18 11:29:09.467  INFO 12744 --- [restartedMain] .e.DevToolsPropertyDefaultsPostProcessor : Devtools property defaults active! Set 'spring.devtools.add-properties' to 'false' to disable
2020-03-18 11:29:09.467  INFO 12744 --- [restartedMain] .e.DevToolsPropertyDefaultsPostProcessor : For additional web related logging consider setting the 'logging.level.web' property to 'DEBUG'
2020-03-18 11:29:10.167  WARN 12744 --- [restartedMain] o.m.s.mapper.ClassPathMapperScanner      : No MyBatis mapper was found in '[com.opzpy123.opzpy123]' package. Please check your configuration.
2020-03-18 11:29:10.558  INFO 12744 --- [restartedMain] o.s.b.w.embedded.tomcat.TomcatWebServer  : Tomcat initialized with port(s): 8888 (http)
2020-03-18 11:29:10.567  INFO 12744 --- [restartedMain] o.apache.catalina.core.StandardService   : Starting service [Tomcat]
2020-03-18 11:29:10.568  INFO 12744 --- [restartedMain] org.apache.catalina.core.StandardEngine  : Starting Servlet engine: [Apache Tomcat/9.0.31]
2020-03-18 11:29:10.685  INFO 12744 --- [restartedMain] o.a.c.c.C.[Tomcat].[localhost].[/]       : Initializing Spring embedded WebApplicationContext
2020-03-18 11:29:10.685  INFO 12744 --- [restartedMain] o.s.web.context.ContextLoader            : Root WebApplicationContext: initialization completed in 1218 ms
2020-03-18 11:29:10.841  INFO 12744 --- [restartedMain] o.s.s.concurrent.ThreadPoolTaskExecutor  : Initializing ExecutorService 'applicationTaskExecutor'
2020-03-18 11:29:10.899  INFO 12744 --- [restartedMain] o.s.b.a.w.s.WelcomePageHandlerMapping    : Adding welcome page template: index
2020-03-18 11:29:10.946  WARN 12744 --- [restartedMain] org.thymeleaf.templatemode.TemplateMode  : [THYMELEAF][restartedMain] Template Mode 'LEGACYHTML5' is deprecated. Using Template Mode 'HTML' instead.
2020-03-18 11:29:11.151  INFO 12744 --- [restartedMain] o.s.b.d.a.OptionalLiveReloadServer       : LiveReload server is running on port 35729
2020-03-18 11:29:11.189  INFO 12744 --- [restartedMain] o.s.b.w.embedded.tomcat.TomcatWebServer  : Tomcat started on port(s): 8888 (http) with context path ''
2020-03-18 11:29:11.191  INFO 12744 --- [restartedMain] c.opzpy123.opzpy123.Opzpy123Application  : Started Opzpy123Application in 2.181 seconds (JVM running for 3.049)
2020-03-18 11:29:21.875  INFO 12744 --- [http-nio-8888-exec-1] o.a.c.c.C.[Tomcat].[localhost].[/]       : Initializing Spring DispatcherServlet 'dispatcherServlet'
2020-03-18 11:29:21.875  INFO 12744 --- [http-nio-8888-exec-1] o.s.web.servlet.DispatcherServlet        : Initializing Servlet 'dispatcherServlet'
2020-03-18 11:29:21.881  INFO 12744 --- [http-nio-8888-exec-1] o.s.web.servlet.DispatcherServlet        : Completed initialization in 6 ms
2020-03-18 11:33:03.770  INFO 10992 --- [restartedMain] c.opzpy123.opzpy123.Opzpy123Application  : Starting Opzpy123Application on opzpy123 with PID 10992 (C:\IDEA_WorkSpace\opzpy123\target\classes started by opzpy123 in C:\IDEA_WorkSpace\opzpy123)
2020-03-18 11:33:03.774  INFO 10992 --- [restartedMain] c.opzpy123.opzpy123.Opzpy123Application  : No active profile set, falling back to default profiles: default
2020-03-18 11:33:03.826  INFO 10992 --- [restartedMain] .e.DevToolsPropertyDefaultsPostProcessor : Devtools property defaults active! Set 'spring.devtools.add-properties' to 'false' to disable
2020-03-18 11:33:03.826  INFO 10992 --- [restartedMain] .e.DevToolsPropertyDefaultsPostProcessor : For additional web related logging consider setting the 'logging.level.web' property to 'DEBUG'
2020-03-18 11:33:04.695  WARN 10992 --- [restartedMain] o.m.s.mapper.ClassPathMapperScanner      : No MyBatis mapper was found in '[com.opzpy123.opzpy123]' package. Please check your configuration.
2020-03-18 11:33:05.224  INFO 10992 --- [restartedMain] o.s.b.w.embedded.tomcat.TomcatWebServer  : Tomcat initialized with port(s): 8888 (http)
2020-03-18 11:33:05.236  INFO 10992 --- [restartedMain] o.apache.catalina.core.StandardService   : Starting service [Tomcat]
2020-03-18 11:33:05.236  INFO 10992 --- [restartedMain] org.apache.catalina.core.StandardEngine  : Starting Servlet engine: [Apache Tomcat/9.0.31]
2020-03-18 11:33:05.321  INFO 10992 --- [restartedMain] o.a.c.c.C.[Tomcat].[localhost].[/]       : Initializing Spring embedded WebApplicationContext
2020-03-18 11:33:05.322  INFO 10992 --- [restartedMain] o.s.web.context.ContextLoader            : Root WebApplicationContext: initialization completed in 1495 ms
2020-03-18 11:33:05.502  INFO 10992 --- [restartedMain] o.s.s.concurrent.ThreadPoolTaskExecutor  : Initializing ExecutorService 'applicationTaskExecutor'
2020-03-18 11:33:05.564  INFO 10992 --- [restartedMain] o.s.b.a.w.s.WelcomePageHandlerMapping    : Adding welcome page template: index
2020-03-18 11:33:05.619  WARN 10992 --- [restartedMain] org.thymeleaf.templatemode.TemplateMode  : [THYMELEAF][restartedMain] Template Mode 'LEGACYHTML5' is deprecated. Using Template Mode 'HTML' instead.
2020-03-18 11:33:05.813  INFO 10992 --- [restartedMain] o.s.b.d.a.OptionalLiveReloadServer       : LiveReload server is running on port 35729
2020-03-18 11:33:05.856  INFO 10992 --- [restartedMain] o.s.b.w.embedded.tomcat.TomcatWebServer  : Tomcat started on port(s): 8888 (http) with context path ''
2020-03-18 11:33:05.859  INFO 10992 --- [restartedMain] c.opzpy123.opzpy123.Opzpy123Application  : Started Opzpy123Application in 2.503 seconds (JVM running for 3.414)
2020-03-18 11:33:05.894  INFO 10992 --- [http-nio-8888-exec-1] o.a.c.c.C.[Tomcat].[localhost].[/]       : Initializing Spring DispatcherServlet 'dispatcherServlet'
2020-03-18 11:33:05.894  INFO 10992 --- [http-nio-8888-exec-1] o.s.web.servlet.DispatcherServlet        : Initializing Servlet 'dispatcherServlet'
2020-03-18 11:33:05.899  INFO 10992 --- [http-nio-8888-exec-1] o.s.web.servlet.DispatcherServlet        : Completed initialization in 5 ms
2020-03-18 11:33:34.843  INFO 11380 --- [restartedMain] c.opzpy123.opzpy123.Opzpy123Application  : Starting Opzpy123Application on opzpy123 with PID 11380 (C:\IDEA_WorkSpace\opzpy123\target\classes started by opzpy123 in C:\IDEA_WorkSpace\opzpy123)
2020-03-18 11:33:34.847  INFO 11380 --- [restartedMain] c.opzpy123.opzpy123.Opzpy123Application  : No active profile set, falling back to default profiles: default
2020-03-18 11:33:34.910  INFO 11380 --- [restartedMain] .e.DevToolsPropertyDefaultsPostProcessor : Devtools property defaults active! Set 'spring.devtools.add-properties' to 'false' to disable
2020-03-18 11:33:34.910  INFO 11380 --- [restartedMain] .e.DevToolsPropertyDefaultsPostProcessor : For additional web related logging consider setting the 'logging.level.web' property to 'DEBUG'
2020-03-18 11:33:35.647  WARN 11380 --- [restartedMain] o.m.s.mapper.ClassPathMapperScanner      : No MyBatis mapper was found in '[com.opzpy123.opzpy123]' package. Please check your configuration.
2020-03-18 11:33:36.152  INFO 11380 --- [restartedMain] o.s.b.w.embedded.tomcat.TomcatWebServer  : Tomcat initialized with port(s): 8888 (http)
2020-03-18 11:33:36.159  INFO 11380 --- [restartedMain] o.apache.catalina.core.StandardService   : Starting service [Tomcat]
2020-03-18 11:33:36.159  INFO 11380 --- [restartedMain] org.apache.catalina.core.StandardEngine  : Starting Servlet engine: [Apache Tomcat/9.0.31]
2020-03-18 11:33:36.230  INFO 11380 --- [restartedMain] o.a.c.c.C.[Tomcat].[localhost].[/]       : Initializing Spring embedded WebApplicationContext
2020-03-18 11:33:36.230  INFO 11380 --- [restartedMain] o.s.web.context.ContextLoader            : Root WebApplicationContext: initialization completed in 1319 ms
2020-03-18 11:33:36.376  INFO 11380 --- [restartedMain] o.s.s.concurrent.ThreadPoolTaskExecutor  : Initializing ExecutorService 'applicationTaskExecutor'
2020-03-18 11:33:36.437  INFO 11380 --- [restartedMain] o.s.b.a.w.s.WelcomePageHandlerMapping    : Adding welcome page template: index
2020-03-18 11:33:36.491  WARN 11380 --- [restartedMain] org.thymeleaf.templatemode.TemplateMode  : [THYMELEAF][restartedMain] Template Mode 'LEGACYHTML5' is deprecated. Using Template Mode 'HTML' instead.
2020-03-18 11:33:36.698  INFO 11380 --- [restartedMain] o.s.b.d.a.OptionalLiveReloadServer       : LiveReload server is running on port 35729
2020-03-18 11:33:36.737  INFO 11380 --- [restartedMain] o.s.b.w.embedded.tomcat.TomcatWebServer  : Tomcat started on port(s): 8888 (http) with context path ''
2020-03-18 11:33:36.739  INFO 11380 --- [restartedMain] c.opzpy123.opzpy123.Opzpy123Application  : Started Opzpy123Application in 2.319 seconds (JVM running for 3.183)
2020-03-18 11:33:36.950  INFO 11380 --- [http-nio-8888-exec-1] o.a.c.c.C.[Tomcat].[localhost].[/]       : Initializing Spring DispatcherServlet 'dispatcherServlet'
2020-03-18 11:33:36.951  INFO 11380 --- [http-nio-8888-exec-1] o.s.web.servlet.DispatcherServlet        : Initializing Servlet 'dispatcherServlet'
2020-03-18 11:33:36.958  INFO 11380 --- [http-nio-8888-exec-1] o.s.web.servlet.DispatcherServlet        : Completed initialization in 7 ms
2020-03-18 12:08:33.543  INFO 12440 --- [restartedMain] c.opzpy123.opzpy123.Opzpy123Application  : Starting Opzpy123Application on opzpy123 with PID 12440 (C:\IDEA_WorkSpace\opzpy123\target\classes started by opzpy123 in C:\IDEA_WorkSpace\opzpy123)
2020-03-18 12:08:33.547  INFO 12440 --- [restartedMain] c.opzpy123.opzpy123.Opzpy123Application  : No active profile set, falling back to default profiles: default
2020-03-18 12:08:33.609  INFO 12440 --- [restartedMain] .e.DevToolsPropertyDefaultsPostProcessor : Devtools property defaults active! Set 'spring.devtools.add-properties' to 'false' to disable
2020-03-18 12:08:33.609  INFO 12440 --- [restartedMain] .e.DevToolsPropertyDefaultsPostProcessor : For additional web related logging consider setting the 'logging.level.web' property to 'DEBUG'
2020-03-18 12:08:34.538  WARN 12440 --- [restartedMain] o.m.s.mapper.ClassPathMapperScanner      : No MyBatis mapper was found in '[com.opzpy123.opzpy123]' package. Please check your configuration.
2020-03-18 12:08:35.261  INFO 12440 --- [restartedMain] o.s.b.w.embedded.tomcat.TomcatWebServer  : Tomcat initialized with port(s): 8888 (http)
2020-03-18 12:08:35.274  INFO 12440 --- [restartedMain] o.apache.catalina.core.StandardService   : Starting service [Tomcat]
2020-03-18 12:08:35.274  INFO 12440 --- [restartedMain] org.apache.catalina.core.StandardEngine  : Starting Servlet engine: [Apache Tomcat/9.0.31]
2020-03-18 12:08:35.485  INFO 12440 --- [restartedMain] o.a.c.c.C.[Tomcat].[localhost].[/]       : Initializing Spring embedded WebApplicationContext
2020-03-18 12:08:35.485  INFO 12440 --- [restartedMain] o.s.web.context.ContextLoader            : Root WebApplicationContext: initialization completed in 1876 ms
2020-03-18 12:08:35.992  INFO 12440 --- [restartedMain] o.s.s.concurrent.ThreadPoolTaskExecutor  : Initializing ExecutorService 'applicationTaskExecutor'
2020-03-18 12:08:36.163  INFO 12440 --- [restartedMain] o.s.b.a.w.s.WelcomePageHandlerMapping    : Adding welcome page template: index
2020-03-18 12:08:36.277  WARN 12440 --- [restartedMain] org.thymeleaf.templatemode.TemplateMode  : [THYMELEAF][restartedMain] Template Mode 'LEGACYHTML5' is deprecated. Using Template Mode 'HTML' instead.
2020-03-18 12:08:36.630  INFO 12440 --- [restartedMain] o.s.b.d.a.OptionalLiveReloadServer       : LiveReload server is running on port 35729
2020-03-18 12:08:36.709  INFO 12440 --- [restartedMain] o.s.b.w.embedded.tomcat.TomcatWebServer  : Tomcat started on port(s): 8888 (http) with context path ''
2020-03-18 12:08:36.712  INFO 12440 --- [restartedMain] c.opzpy123.opzpy123.Opzpy123Application  : Started Opzpy123Application in 3.781 seconds (JVM running for 7.358)
2020-03-18 12:12:48.323  INFO 9696 --- [restartedMain] c.opzpy123.opzpy123.Opzpy123Application  : Starting Opzpy123Application on opzpy123 with PID 9696 (C:\IDEA_WorkSpace\opzpy123\target\classes started by opzpy123 in C:\IDEA_WorkSpace\opzpy123)
2020-03-18 12:12:48.326  INFO 9696 --- [restartedMain] c.opzpy123.opzpy123.Opzpy123Application  : No active profile set, falling back to default profiles: default
2020-03-18 12:12:48.383  INFO 9696 --- [restartedMain] .e.DevToolsPropertyDefaultsPostProcessor : Devtools property defaults active! Set 'spring.devtools.add-properties' to 'false' to disable
2020-03-18 12:12:48.383  INFO 9696 --- [restartedMain] .e.DevToolsPropertyDefaultsPostProcessor : For additional web related logging consider setting the 'logging.level.web' property to 'DEBUG'
2020-03-18 12:12:49.135  WARN 9696 --- [restartedMain] o.m.s.mapper.ClassPathMapperScanner      : No MyBatis mapper was found in '[com.opzpy123.opzpy123]' package. Please check your configuration.
2020-03-18 12:12:49.709  INFO 9696 --- [restartedMain] o.s.b.w.embedded.tomcat.TomcatWebServer  : Tomcat initialized with port(s): 8888 (http)
2020-03-18 12:12:49.718  INFO 9696 --- [restartedMain] o.apache.catalina.core.StandardService   : Starting service [Tomcat]
2020-03-18 12:12:49.719  INFO 9696 --- [restartedMain] org.apache.catalina.core.StandardEngine  : Starting Servlet engine: [Apache Tomcat/9.0.31]
2020-03-18 12:12:49.815  INFO 9696 --- [restartedMain] o.a.c.c.C.[Tomcat].[localhost].[/]       : Initializing Spring embedded WebApplicationContext
2020-03-18 12:12:49.815  INFO 9696 --- [restartedMain] o.s.web.context.ContextLoader            : Root WebApplicationContext: initialization completed in 1431 ms
2020-03-18 12:12:50.040  INFO 9696 --- [restartedMain] o.s.s.concurrent.ThreadPoolTaskExecutor  : Initializing ExecutorService 'applicationTaskExecutor'
2020-03-18 12:12:50.106  INFO 9696 --- [restartedMain] o.s.b.a.w.s.WelcomePageHandlerMapping    : Adding welcome page template: index
2020-03-18 12:12:50.173  WARN 9696 --- [restartedMain] org.thymeleaf.templatemode.TemplateMode  : [THYMELEAF][restartedMain] Template Mode 'LEGACYHTML5' is deprecated. Using Template Mode 'HTML' instead.
2020-03-18 12:12:50.458  INFO 9696 --- [restartedMain] o.s.b.d.a.OptionalLiveReloadServer       : LiveReload server is running on port 35729
2020-03-18 12:12:50.507  INFO 9696 --- [restartedMain] o.s.b.w.embedded.tomcat.TomcatWebServer  : Tomcat started on port(s): 8888 (http) with context path ''
2020-03-18 12:12:50.510  INFO 9696 --- [restartedMain] c.opzpy123.opzpy123.Opzpy123Application  : Started Opzpy123Application in 2.672 seconds (JVM running for 3.772)
2020-03-18 12:12:59.834  INFO 9696 --- [http-nio-8888-exec-1] o.a.c.c.C.[Tomcat].[localhost].[/]       : Initializing Spring DispatcherServlet 'dispatcherServlet'
2020-03-18 12:12:59.834  INFO 9696 --- [http-nio-8888-exec-1] o.s.web.servlet.DispatcherServlet        : Initializing Servlet 'dispatcherServlet'
2020-03-18 12:12:59.840  INFO 9696 --- [http-nio-8888-exec-1] o.s.web.servlet.DispatcherServlet        : Completed initialization in 6 ms
2020-03-18 12:20:50.208  INFO 16404 --- [restartedMain] c.opzpy123.opzpy123.Opzpy123Application  : Starting Opzpy123Application on opzpy123 with PID 16404 (C:\IDEA_WorkSpace\opzpy123\target\classes started by opzpy123 in C:\IDEA_WorkSpace\opzpy123)
2020-03-18 12:20:50.212  INFO 16404 --- [restartedMain] c.opzpy123.opzpy123.Opzpy123Application  : No active profile set, falling back to default profiles: default
2020-03-18 12:20:50.288  INFO 16404 --- [restartedMain] .e.DevToolsPropertyDefaultsPostProcessor : Devtools property defaults active! Set 'spring.devtools.add-properties' to 'false' to disable
2020-03-18 12:20:50.288  INFO 16404 --- [restartedMain] .e.DevToolsPropertyDefaultsPostProcessor : For additional web related logging consider setting the 'logging.level.web' property to 'DEBUG'
2020-03-18 12:20:51.343  WARN 16404 --- [restartedMain] o.m.s.mapper.ClassPathMapperScanner      : No MyBatis mapper was found in '[com.opzpy123.opzpy123]' package. Please check your configuration.
2020-03-18 12:20:51.869  INFO 16404 --- [restartedMain] o.s.b.w.embedded.tomcat.TomcatWebServer  : Tomcat initialized with port(s): 8888 (http)
2020-03-18 12:20:51.877  INFO 16404 --- [restartedMain] o.apache.catalina.core.StandardService   : Starting service [Tomcat]
2020-03-18 12:20:51.877  INFO 16404 --- [restartedMain] org.apache.catalina.core.StandardEngine  : Starting Servlet engine: [Apache Tomcat/9.0.31]
2020-03-18 12:20:51.952  INFO 16404 --- [restartedMain] o.a.c.c.C.[Tomcat].[localhost].[/]       : Initializing Spring embedded WebApplicationContext
2020-03-18 12:20:51.952  INFO 16404 --- [restartedMain] o.s.web.context.ContextLoader            : Root WebApplicationContext: initialization completed in 1664 ms
2020-03-18 12:20:52.076  INFO 16404 --- [restartedMain] o.s.s.concurrent.ThreadPoolTaskExecutor  : Initializing ExecutorService 'applicationTaskExecutor'
2020-03-18 12:20:52.121  INFO 16404 --- [restartedMain] o.s.b.a.w.s.WelcomePageHandlerMapping    : Adding welcome page template: index
2020-03-18 12:20:52.160  WARN 16404 --- [restartedMain] org.thymeleaf.templatemode.TemplateMode  : [THYMELEAF][restartedMain] Template Mode 'LEGACYHTML5' is deprecated. Using Template Mode 'HTML' instead.
2020-03-18 12:20:52.453  INFO 16404 --- [restartedMain] o.s.b.d.a.OptionalLiveReloadServer       : LiveReload server is running on port 35729
2020-03-18 12:20:52.501  INFO 16404 --- [restartedMain] o.s.b.w.embedded.tomcat.TomcatWebServer  : Tomcat started on port(s): 8888 (http) with context path ''
2020-03-18 12:20:52.506  INFO 16404 --- [restartedMain] c.opzpy123.opzpy123.Opzpy123Application  : Started Opzpy123Application in 2.787 seconds (JVM running for 3.722)
2020-03-18 12:20:52.585  INFO 16404 --- [http-nio-8888-exec-1] o.a.c.c.C.[Tomcat].[localhost].[/]       : Initializing Spring DispatcherServlet 'dispatcherServlet'
2020-03-18 12:20:52.585  INFO 16404 --- [http-nio-8888-exec-1] o.s.web.servlet.DispatcherServlet        : Initializing Servlet 'dispatcherServlet'
2020-03-18 12:20:52.593  INFO 16404 --- [http-nio-8888-exec-1] o.s.web.servlet.DispatcherServlet        : Completed initialization in 8 ms
2020-03-18 12:22:05.846  INFO 12760 --- [restartedMain] c.opzpy123.opzpy123.Opzpy123Application  : Starting Opzpy123Application on opzpy123 with PID 12760 (C:\IDEA_WorkSpace\opzpy123\target\classes started by opzpy123 in C:\IDEA_WorkSpace\opzpy123)
2020-03-18 12:22:05.848  INFO 12760 --- [restartedMain] c.opzpy123.opzpy123.Opzpy123Application  : No active profile set, falling back to default profiles: default
2020-03-18 12:22:05.905  INFO 12760 --- [restartedMain] .e.DevToolsPropertyDefaultsPostProcessor : Devtools property defaults active! Set 'spring.devtools.add-properties' to 'false' to disable
2020-03-18 12:22:05.906  INFO 12760 --- [restartedMain] .e.DevToolsPropertyDefaultsPostProcessor : For additional web related logging consider setting the 'logging.level.web' property to 'DEBUG'
2020-03-18 12:22:06.686  WARN 12760 --- [restartedMain] o.m.s.mapper.ClassPathMapperScanner      : No MyBatis mapper was found in '[com.opzpy123.opzpy123]' package. Please check your configuration.
2020-03-18 12:22:07.134  INFO 12760 --- [restartedMain] o.s.b.w.embedded.tomcat.TomcatWebServer  : Tomcat initialized with port(s): 8888 (http)
2020-03-18 12:22:07.183  INFO 12760 --- [restartedMain] o.apache.catalina.core.StandardService   : Starting service [Tomcat]
2020-03-18 12:22:07.184  INFO 12760 --- [restartedMain] org.apache.catalina.core.StandardEngine  : Starting Servlet engine: [Apache Tomcat/9.0.31]
2020-03-18 12:22:07.269  INFO 12760 --- [restartedMain] o.a.c.c.C.[Tomcat].[localhost].[/]       : Initializing Spring embedded WebApplicationContext
2020-03-18 12:22:07.270  INFO 12760 --- [restartedMain] o.s.web.context.ContextLoader            : Root WebApplicationContext: initialization completed in 1364 ms
2020-03-18 12:22:07.474  INFO 12760 --- [restartedMain] o.s.s.concurrent.ThreadPoolTaskExecutor  : Initializing ExecutorService 'applicationTaskExecutor'
2020-03-18 12:22:07.523  INFO 12760 --- [restartedMain] o.s.b.a.w.s.WelcomePageHandlerMapping    : Adding welcome page template: index
2020-03-18 12:22:07.573  WARN 12760 --- [restartedMain] org.thymeleaf.templatemode.TemplateMode  : [THYMELEAF][restartedMain] Template Mode 'LEGACYHTML5' is deprecated. Using Template Mode 'HTML' instead.
2020-03-18 12:22:07.852  INFO 12760 --- [restartedMain] o.s.b.d.a.OptionalLiveReloadServer       : LiveReload server is running on port 35729
2020-03-18 12:22:07.892  INFO 12760 --- [restartedMain] o.s.b.w.embedded.tomcat.TomcatWebServer  : Tomcat started on port(s): 8888 (http) with context path ''
2020-03-18 12:22:07.894  INFO 12760 --- [restartedMain] c.opzpy123.opzpy123.Opzpy123Application  : Started Opzpy123Application in 2.501 seconds (JVM running for 3.536)
2020-03-18 12:22:40.421  INFO 12760 --- [http-nio-8888-exec-1] o.a.c.c.C.[Tomcat].[localhost].[/]       : Initializing Spring DispatcherServlet 'dispatcherServlet'
2020-03-18 12:22:40.421  INFO 12760 --- [http-nio-8888-exec-1] o.s.web.servlet.DispatcherServlet        : Initializing Servlet 'dispatcherServlet'
2020-03-18 12:22:40.426  INFO 12760 --- [http-nio-8888-exec-1] o.s.web.servlet.DispatcherServlet        : Completed initialization in 5 ms
2020-03-18 12:23:16.699  INFO 3420 --- [restartedMain] c.opzpy123.opzpy123.Opzpy123Application  : Starting Opzpy123Application on opzpy123 with PID 3420 (C:\IDEA_WorkSpace\opzpy123\target\classes started by opzpy123 in C:\IDEA_WorkSpace\opzpy123)
2020-03-18 12:23:16.703  INFO 3420 --- [restartedMain] c.opzpy123.opzpy123.Opzpy123Application  : No active profile set, falling back to default profiles: default
2020-03-18 12:23:16.767  INFO 3420 --- [restartedMain] .e.DevToolsPropertyDefaultsPostProcessor : Devtools property defaults active! Set 'spring.devtools.add-properties' to 'false' to disable
2020-03-18 12:23:16.767  INFO 3420 --- [restartedMain] .e.DevToolsPropertyDefaultsPostProcessor : For additional web related logging consider setting the 'logging.level.web' property to 'DEBUG'
2020-03-18 12:23:17.606  WARN 3420 --- [restartedMain] o.m.s.mapper.ClassPathMapperScanner      : No MyBatis mapper was found in '[com.opzpy123.opzpy123]' package. Please check your configuration.
2020-03-18 12:23:18.134  INFO 3420 --- [restartedMain] o.s.b.w.embedded.tomcat.TomcatWebServer  : Tomcat initialized with port(s): 8888 (http)
2020-03-18 12:23:18.142  INFO 3420 --- [restartedMain] o.apache.catalina.core.StandardService   : Starting service [Tomcat]
2020-03-18 12:23:18.142  INFO 3420 --- [restartedMain] org.apache.catalina.core.StandardEngine  : Starting Servlet engine: [Apache Tomcat/9.0.31]
2020-03-18 12:23:18.219  INFO 3420 --- [restartedMain] o.a.c.c.C.[Tomcat].[localhost].[/]       : Initializing Spring embedded WebApplicationContext
2020-03-18 12:23:18.220  INFO 3420 --- [restartedMain] o.s.web.context.ContextLoader            : Root WebApplicationContext: initialization completed in 1453 ms
2020-03-18 12:23:18.429  INFO 3420 --- [restartedMain] o.s.s.concurrent.ThreadPoolTaskExecutor  : Initializing ExecutorService 'applicationTaskExecutor'
2020-03-18 12:23:18.496  INFO 3420 --- [restartedMain] o.s.b.a.w.s.WelcomePageHandlerMapping    : Adding welcome page template: index
2020-03-18 12:23:18.544  WARN 3420 --- [restartedMain] org.thymeleaf.templatemode.TemplateMode  : [THYMELEAF][restartedMain] Template Mode 'LEGACYHTML5' is deprecated. Using Template Mode 'HTML' instead.
2020-03-18 12:23:18.832  INFO 3420 --- [restartedMain] o.s.b.d.a.OptionalLiveReloadServer       : LiveReload server is running on port 35729
2020-03-18 12:23:18.882  INFO 3420 --- [restartedMain] o.s.b.w.embedded.tomcat.TomcatWebServer  : Tomcat started on port(s): 8888 (http) with context path ''
2020-03-18 12:23:18.884  INFO 3420 --- [restartedMain] c.opzpy123.opzpy123.Opzpy123Application  : Started Opzpy123Application in 2.6 seconds (JVM running for 3.57)
2020-03-18 12:23:19.850  INFO 3420 --- [http-nio-8888-exec-1] o.a.c.c.C.[Tomcat].[localhost].[/]       : Initializing Spring DispatcherServlet 'dispatcherServlet'
2020-03-18 12:23:19.850  INFO 3420 --- [http-nio-8888-exec-1] o.s.web.servlet.DispatcherServlet        : Initializing Servlet 'dispatcherServlet'
2020-03-18 12:23:19.855  INFO 3420 --- [http-nio-8888-exec-1] o.s.web.servlet.DispatcherServlet        : Completed initialization in 5 ms
2020-03-18 12:33:49.699  INFO 16420 --- [restartedMain] c.opzpy123.opzpy123.Opzpy123Application  : Starting Opzpy123Application on opzpy123 with PID 16420 (C:\IDEA_WorkSpace\opzpy123\target\classes started by opzpy123 in C:\IDEA_WorkSpace\opzpy123)
2020-03-18 12:33:49.706  INFO 16420 --- [restartedMain] c.opzpy123.opzpy123.Opzpy123Application  : No active profile set, falling back to default profiles: default
2020-03-18 12:33:49.764  INFO 16420 --- [restartedMain] .e.DevToolsPropertyDefaultsPostProcessor : Devtools property defaults active! Set 'spring.devtools.add-properties' to 'false' to disable
2020-03-18 12:33:49.764  INFO 16420 --- [restartedMain] .e.DevToolsPropertyDefaultsPostProcessor : For additional web related logging consider setting the 'logging.level.web' property to 'DEBUG'
2020-03-18 12:33:50.403  WARN 16420 --- [restartedMain] o.m.s.mapper.ClassPathMapperScanner      : No MyBatis mapper was found in '[com.opzpy123.opzpy123]' package. Please check your configuration.
2020-03-18 12:33:50.775  INFO 16420 --- [restartedMain] o.s.b.w.embedded.tomcat.TomcatWebServer  : Tomcat initialized with port(s): 8888 (http)
2020-03-18 12:33:50.781  INFO 16420 --- [restartedMain] o.apache.catalina.core.StandardService   : Starting service [Tomcat]
2020-03-18 12:33:50.782  INFO 16420 --- [restartedMain] org.apache.catalina.core.StandardEngine  : Starting Servlet engine: [Apache Tomcat/9.0.31]
2020-03-18 12:33:50.845  INFO 16420 --- [restartedMain] o.a.c.c.C.[Tomcat].[localhost].[/]       : Initializing Spring embedded WebApplicationContext
2020-03-18 12:33:50.846  INFO 16420 --- [restartedMain] o.s.web.context.ContextLoader            : Root WebApplicationContext: initialization completed in 1082 ms
2020-03-18 12:33:50.978  INFO 16420 --- [restartedMain] o.s.s.concurrent.ThreadPoolTaskExecutor  : Initializing ExecutorService 'applicationTaskExecutor'
2020-03-18 12:33:51.023  INFO 16420 --- [restartedMain] o.s.b.a.w.s.WelcomePageHandlerMapping    : Adding welcome page template: index
2020-03-18 12:33:51.060  WARN 16420 --- [restartedMain] org.thymeleaf.templatemode.TemplateMode  : [THYMELEAF][restartedMain] Template Mode 'LEGACYHTML5' is deprecated. Using Template Mode 'HTML' instead.
2020-03-18 12:33:51.304  INFO 16420 --- [restartedMain] o.s.b.d.a.OptionalLiveReloadServer       : LiveReload server is running on port 35729
2020-03-18 12:33:51.340  INFO 16420 --- [restartedMain] o.s.b.w.embedded.tomcat.TomcatWebServer  : Tomcat started on port(s): 8888 (http) with context path ''
2020-03-18 12:33:51.342  INFO 16420 --- [restartedMain] c.opzpy123.opzpy123.Opzpy123Application  : Started Opzpy123Application in 1.982 seconds (JVM running for 2.697)
2020-03-18 12:34:09.330  INFO 16420 --- [http-nio-8888-exec-1] o.a.c.c.C.[Tomcat].[localhost].[/]       : Initializing Spring DispatcherServlet 'dispatcherServlet'
2020-03-18 12:34:09.330  INFO 16420 --- [http-nio-8888-exec-1] o.s.web.servlet.DispatcherServlet        : Initializing Servlet 'dispatcherServlet'
2020-03-18 12:34:09.335  INFO 16420 --- [http-nio-8888-exec-1] o.s.web.servlet.DispatcherServlet        : Completed initialization in 5 ms
2020-03-18 12:34:39.099  INFO 17032 --- [restartedMain] c.opzpy123.opzpy123.Opzpy123Application  : Starting Opzpy123Application on opzpy123 with PID 17032 (C:\IDEA_WorkSpace\opzpy123\target\classes started by opzpy123 in C:\IDEA_WorkSpace\opzpy123)
2020-03-18 12:34:39.103  INFO 17032 --- [restartedMain] c.opzpy123.opzpy123.Opzpy123Application  : No active profile set, falling back to default profiles: default
2020-03-18 12:34:39.147  INFO 17032 --- [restartedMain] .e.DevToolsPropertyDefaultsPostProcessor : Devtools property defaults active! Set 'spring.devtools.add-properties' to 'false' to disable
2020-03-18 12:34:39.148  INFO 17032 --- [restartedMain] .e.DevToolsPropertyDefaultsPostProcessor : For additional web related logging consider setting the 'logging.level.web' property to 'DEBUG'
2020-03-18 12:34:39.783  WARN 17032 --- [restartedMain] o.m.s.mapper.ClassPathMapperScanner      : No MyBatis mapper was found in '[com.opzpy123.opzpy123]' package. Please check your configuration.
2020-03-18 12:34:40.228  INFO 17032 --- [restartedMain] o.s.b.w.embedded.tomcat.TomcatWebServer  : Tomcat initialized with port(s): 8888 (http)
2020-03-18 12:34:40.236  INFO 17032 --- [restartedMain] o.apache.catalina.core.StandardService   : Starting service [Tomcat]
2020-03-18 12:34:40.236  INFO 17032 --- [restartedMain] org.apache.catalina.core.StandardEngine  : Starting Servlet engine: [Apache Tomcat/9.0.31]
2020-03-18 12:34:40.305  INFO 17032 --- [restartedMain] o.a.c.c.C.[Tomcat].[localhost].[/]       : Initializing Spring embedded WebApplicationContext
2020-03-18 12:34:40.305  INFO 17032 --- [restartedMain] o.s.web.context.ContextLoader            : Root WebApplicationContext: initialization completed in 1157 ms
2020-03-18 12:34:40.466  INFO 17032 --- [restartedMain] o.s.s.concurrent.ThreadPoolTaskExecutor  : Initializing ExecutorService 'applicationTaskExecutor'
2020-03-18 12:34:40.521  INFO 17032 --- [restartedMain] o.s.b.a.w.s.WelcomePageHandlerMapping    : Adding welcome page template: index
2020-03-18 12:34:40.568  WARN 17032 --- [restartedMain] org.thymeleaf.templatemode.TemplateMode  : [THYMELEAF][restartedMain] Template Mode 'LEGACYHTML5' is deprecated. Using Template Mode 'HTML' instead.
2020-03-18 12:34:40.911  INFO 17032 --- [restartedMain] o.s.b.d.a.OptionalLiveReloadServer       : LiveReload server is running on port 35729
2020-03-18 12:34:40.955  INFO 17032 --- [restartedMain] o.s.b.w.embedded.tomcat.TomcatWebServer  : Tomcat started on port(s): 8888 (http) with context path ''
2020-03-18 12:34:40.958  INFO 17032 --- [restartedMain] c.opzpy123.opzpy123.Opzpy123Application  : Started Opzpy123Application in 2.205 seconds (JVM running for 2.945)
2020-03-18 12:34:41.186  INFO 17032 --- [http-nio-8888-exec-1] o.a.c.c.C.[Tomcat].[localhost].[/]       : Initializing Spring DispatcherServlet 'dispatcherServlet'
2020-03-18 12:34:41.187  INFO 17032 --- [http-nio-8888-exec-1] o.s.web.servlet.DispatcherServlet        : Initializing Servlet 'dispatcherServlet'
2020-03-18 12:34:41.194  INFO 17032 --- [http-nio-8888-exec-1] o.s.web.servlet.DispatcherServlet        : Completed initialization in 7 ms
2020-03-18 12:37:20.768  INFO 9992 --- [restartedMain] c.opzpy123.opzpy123.Opzpy123Application  : Starting Opzpy123Application on opzpy123 with PID 9992 (C:\IDEA_WorkSpace\opzpy123\target\classes started by opzpy123 in C:\IDEA_WorkSpace\opzpy123)
2020-03-18 12:37:20.774  INFO 9992 --- [restartedMain] c.opzpy123.opzpy123.Opzpy123Application  : No active profile set, falling back to default profiles: default
2020-03-18 12:37:20.824  INFO 9992 --- [restartedMain] .e.DevToolsPropertyDefaultsPostProcessor : Devtools property defaults active! Set 'spring.devtools.add-properties' to 'false' to disable
2020-03-18 12:37:20.824  INFO 9992 --- [restartedMain] .e.DevToolsPropertyDefaultsPostProcessor : For additional web related logging consider setting the 'logging.level.web' property to 'DEBUG'
2020-03-18 12:37:21.610  WARN 9992 --- [restartedMain] o.m.s.mapper.ClassPathMapperScanner      : No MyBatis mapper was found in '[com.opzpy123.opzpy123]' package. Please check your configuration.
2020-03-18 12:37:22.647  INFO 9992 --- [restartedMain] o.s.b.w.embedded.tomcat.TomcatWebServer  : Tomcat initialized with port(s): 8888 (http)
2020-03-18 12:37:22.661  INFO 9992 --- [restartedMain] o.apache.catalina.core.StandardService   : Starting service [Tomcat]
2020-03-18 12:37:22.664  INFO 9992 --- [restartedMain] org.apache.catalina.core.StandardEngine  : Starting Servlet engine: [Apache Tomcat/9.0.31]
2020-03-18 12:37:22.785  INFO 9992 --- [restartedMain] o.a.c.c.C.[Tomcat].[localhost].[/]       : Initializing Spring embedded WebApplicationContext
2020-03-18 12:37:22.785  INFO 9992 --- [restartedMain] o.s.web.context.ContextLoader            : Root WebApplicationContext: initialization completed in 1961 ms
2020-03-18 12:37:22.990  INFO 9992 --- [restartedMain] o.s.s.concurrent.ThreadPoolTaskExecutor  : Initializing ExecutorService 'applicationTaskExecutor'
2020-03-18 12:37:23.063  INFO 9992 --- [restartedMain] o.s.b.a.w.s.WelcomePageHandlerMapping    : Adding welcome page template: index
2020-03-18 12:37:23.135  WARN 9992 --- [restartedMain] org.thymeleaf.templatemode.TemplateMode  : [THYMELEAF][restartedMain] Template Mode 'LEGACYHTML5' is deprecated. Using Template Mode 'HTML' instead.
2020-03-18 12:37:23.476  INFO 9992 --- [restartedMain] o.s.b.d.a.OptionalLiveReloadServer       : LiveReload server is running on port 35729
2020-03-18 12:37:23.516  INFO 9992 --- [restartedMain] o.s.b.w.embedded.tomcat.TomcatWebServer  : Tomcat started on port(s): 8888 (http) with context path ''
2020-03-18 12:37:23.518  INFO 9992 --- [restartedMain] c.opzpy123.opzpy123.Opzpy123Application  : Started Opzpy123Application in 3.195 seconds (JVM running for 4.12)
