2021-10-24 14:15:38.608 INFO com.opzpy123.Opzpy123Application.logStarting [restartedMain] Starting Opzpy123Application using Java 1.8.0_301 on DESKTOP-9I14B8O with PID 7696 (C:\codeSpace\idea\IDEA_WorkSpace\opzpy123\target\classes started by 14411 in C:\codeSpace\idea\IDEA_WorkSpace\opzpy123)
2021-10-24 14:15:38.616 INFO com.opzpy123.Opzpy123Application.logStartupProfileInfo [restartedMain] The following profiles are active: test
2021-10-24 14:15:42.075 INFO com.opzpy123.Opzpy123Application.logStarted [restartedMain] Started Opzpy123Application in 3.895 seconds (JVM running for 4.943)
2021-10-24 14:16:27.227 INFO com.opzpy123.Opzpy123Application.logStarting [restartedMain] Starting Opzpy123Application using Java 1.8.0_301 on DESKTOP-9I14B8O with PID 13324 (C:\codeSpace\idea\IDEA_WorkSpace\opzpy123\target\classes started by 14411 in C:\codeSpace\idea\IDEA_WorkSpace\opzpy123)
2021-10-24 14:16:27.230 INFO com.opzpy123.Opzpy123Application.logStartupProfileInfo [restartedMain] The following profiles are active: test
2021-10-24 14:16:30.300 INFO com.opzpy123.Opzpy123Application.logStarted [restartedMain] Started Opzpy123Application in 3.53 seconds (JVM running for 4.518)
2021-10-24 14:17:50.956 INFO com.opzpy123.Opzpy123Application.logStarting [restartedMain] Starting Opzpy123Application using Java 1.8.0_301 on DESKTOP-9I14B8O with PID 16064 (C:\codeSpace\idea\IDEA_WorkSpace\opzpy123\target\classes started by 14411 in C:\codeSpace\idea\IDEA_WorkSpace\opzpy123)
2021-10-24 14:17:50.959 INFO com.opzpy123.Opzpy123Application.logStartupProfileInfo [restartedMain] The following profiles are active: test
2021-10-24 14:17:54.066 INFO com.opzpy123.Opzpy123Application.logStarted [restartedMain] Started Opzpy123Application in 3.528 seconds (JVM running for 4.504)
2021-10-24 14:19:18.811 INFO com.opzpy123.Opzpy123Application.logStarting [restartedMain] Starting Opzpy123Application using Java 1.8.0_301 on DESKTOP-9I14B8O with PID 2456 (C:\codeSpace\idea\IDEA_WorkSpace\opzpy123\target\classes started by 14411 in C:\codeSpace\idea\IDEA_WorkSpace\opzpy123)
2021-10-24 14:19:18.815 INFO com.opzpy123.Opzpy123Application.logStartupProfileInfo [restartedMain] The following profiles are active: test
2021-10-24 14:19:22.105 INFO com.opzpy123.Opzpy123Application.logStarted [restartedMain] Started Opzpy123Application in 3.703 seconds (JVM running for 4.687)
2021-10-24 14:22:24.132 INFO com.opzpy123.Opzpy123Application.logStarting [restartedMain] Starting Opzpy123Application using Java 1.8.0_301 on DESKTOP-9I14B8O with PID 7568 (C:\codeSpace\idea\IDEA_WorkSpace\opzpy123\target\classes started by 14411 in C:\codeSpace\idea\IDEA_WorkSpace\opzpy123)
2021-10-24 14:22:24.134 INFO com.opzpy123.Opzpy123Application.logStartupProfileInfo [restartedMain] The following profiles are active: test
2021-10-24 14:22:27.099 INFO com.opzpy123.Opzpy123Application.logStarted [restartedMain] Started Opzpy123Application in 3.414 seconds (JVM running for 4.483)
2021-10-24 14:22:38.241 INFO com.opzpy123.handler.MyLoginSuccessHandler.onAuthenticationSuccess [http-nio-7789-exec-7] 登陆成功->UsernamePasswordAuthenticationToken [Principal=org.springframework.security.core.userdetails.User [Username=admin, Password=[PROTECTED], Enabled=true, AccountNonExpired=true, credentialsNonExpired=true, AccountNonLocked=true, Granted Authorities=[ROLE_ADMIN]], Credentials=[PROTECTED], Authenticated=true, Details=WebAuthenticationDetails [RemoteIpAddress=0:0:0:0:0:0:0:1, SessionId=C14329A166DF886A3BEE6DDA7298F209], Granted Authorities=[ROLE_ADMIN]]
2021-10-24 15:02:31.101 INFO com.opzpy123.handler.MyLoginSuccessHandler.onAuthenticationSuccess [http-nio-7789-exec-8] 登陆成功->UsernamePasswordAuthenticationToken [Principal=org.springframework.security.core.userdetails.User [Username=admin, Password=[PROTECTED], Enabled=true, AccountNonExpired=true, credentialsNonExpired=true, AccountNonLocked=true, Granted Authorities=[ROLE_ADMIN]], Credentials=[PROTECTED], Authenticated=true, Details=WebAuthenticationDetails [RemoteIpAddress=0:0:0:0:0:0:0:1, SessionId=EB7677178BEDB0CD97CDEF63ABD98DBF], Granted Authorities=[ROLE_ADMIN]]
2021-10-24 15:33:27.415 INFO com.opzpy123.OssTest.logStarting [main] Starting OssTest using Java 1.8.0_301 on DESKTOP-9I14B8O with PID 3660 (started by 14411 in C:\codeSpace\idea\IDEA_WorkSpace\opzpy123)
2021-10-24 15:33:27.416 INFO com.opzpy123.OssTest.logStartupProfileInfo [main] The following profiles are active: test
2021-10-24 15:33:32.125 INFO com.opzpy123.OssTest.logStarted [main] Started OssTest in 5.053 seconds (JVM running for 6.326)
2021-10-24 15:39:02.570 INFO com.opzpy123.Opzpy123Application.logStarting [restartedMain] Starting Opzpy123Application using Java 1.8.0_301 on DESKTOP-9I14B8O with PID 7568 (C:\codeSpace\idea\IDEA_WorkSpace\opzpy123\target\classes started by 14411 in C:\codeSpace\idea\IDEA_WorkSpace\opzpy123)
2021-10-24 15:39:02.570 INFO com.opzpy123.Opzpy123Application.logStartupProfileInfo [restartedMain] The following profiles are active: test
2021-10-24 15:39:03.596 INFO com.opzpy123.Opzpy123Application.logStarted [restartedMain] Started Opzpy123Application in 1.078 seconds (JVM running for 4600.979)
2021-10-24 15:39:05.669 INFO com.opzpy123.Opzpy123Application.logStarting [restartedMain] Starting Opzpy123Application using Java 1.8.0_301 on DESKTOP-9I14B8O with PID 7568 (C:\codeSpace\idea\IDEA_WorkSpace\opzpy123\target\classes started by 14411 in C:\codeSpace\idea\IDEA_WorkSpace\opzpy123)
2021-10-24 15:39:05.669 INFO com.opzpy123.Opzpy123Application.logStartupProfileInfo [restartedMain] The following profiles are active: test
2021-10-24 15:39:06.163 INFO com.opzpy123.OssTest.logStarting [main] Starting OssTest using Java 1.8.0_301 on DESKTOP-9I14B8O with PID 9008 (started by 14411 in C:\codeSpace\idea\IDEA_WorkSpace\opzpy123)
2021-10-24 15:39:06.164 INFO com.opzpy123.OssTest.logStartupProfileInfo [main] The following profiles are active: test
2021-10-24 15:39:06.766 INFO com.opzpy123.Opzpy123Application.logStarted [restartedMain] Started Opzpy123Application in 1.144 seconds (JVM running for 4604.149)
2021-10-24 15:39:11.151 INFO com.opzpy123.OssTest.logStarted [main] Started OssTest in 5.409 seconds (JVM running for 6.838)
2021-10-24 15:41:55.408 INFO com.opzpy123.OssTest.logStarting [main] Starting OssTest using Java 1.8.0_301 on DESKTOP-9I14B8O with PID 11120 (started by 14411 in C:\codeSpace\idea\IDEA_WorkSpace\opzpy123)
2021-10-24 15:41:55.408 INFO com.opzpy123.OssTest.logStartupProfileInfo [main] The following profiles are active: test
2021-10-24 15:42:00.163 INFO com.opzpy123.OssTest.logStarted [main] Started OssTest in 5.139 seconds (JVM running for 6.424)
2021-10-24 15:45:13.056 INFO com.opzpy123.OssTest.logStarting [main] Starting OssTest using Java 1.8.0_301 on DESKTOP-9I14B8O with PID 5304 (started by 14411 in C:\codeSpace\idea\IDEA_WorkSpace\opzpy123)
2021-10-24 15:45:13.056 INFO com.opzpy123.OssTest.logStartupProfileInfo [main] The following profiles are active: test
2021-10-24 15:45:18.083 INFO com.opzpy123.OssTest.logStarted [main] Started OssTest in 5.397 seconds (JVM running for 6.764)
2021-10-24 15:45:19.522 INFO com.opzpy123.util.OssUtils.upload [main] oss上传文件成功:opzpy/opzpy123.sql
2021-10-24 16:01:27.105 INFO com.opzpy123.Opzpy123Application.logStarting [restartedMain] Starting Opzpy123Application using Java 1.8.0_301 on DESKTOP-9I14B8O with PID 7568 (C:\codeSpace\idea\IDEA_WorkSpace\opzpy123\target\classes started by 14411 in C:\codeSpace\idea\IDEA_WorkSpace\opzpy123)
2021-10-24 16:01:27.105 INFO com.opzpy123.Opzpy123Application.logStartupProfileInfo [restartedMain] The following profiles are active: test
2021-10-24 16:01:28.071 INFO com.opzpy123.Opzpy123Application.logStarted [restartedMain] Started Opzpy123Application in 0.995 seconds (JVM running for 5945.454)
2021-10-24 16:01:30.002 INFO com.opzpy123.Opzpy123Application.logStarting [restartedMain] Starting Opzpy123Application using Java 1.8.0_301 on DESKTOP-9I14B8O with PID 7568 (C:\codeSpace\idea\IDEA_WorkSpace\opzpy123\target\classes started by 14411 in C:\codeSpace\idea\IDEA_WorkSpace\opzpy123)
2021-10-24 16:01:30.002 INFO com.opzpy123.Opzpy123Application.logStartupProfileInfo [restartedMain] The following profiles are active: test
2021-10-24 16:01:30.954 INFO com.opzpy123.OssTest.logStarting [main] Starting OssTest using Java 1.8.0_301 on DESKTOP-9I14B8O with PID 3696 (started by 14411 in C:\codeSpace\idea\IDEA_WorkSpace\opzpy123)
2021-10-24 16:01:30.954 INFO com.opzpy123.OssTest.logStartupProfileInfo [main] The following profiles are active: test
2021-10-24 16:01:31.065 INFO com.opzpy123.Opzpy123Application.logStarted [restartedMain] Started Opzpy123Application in 1.107 seconds (JVM running for 5948.449)
2021-10-24 16:01:35.778 INFO com.opzpy123.OssTest.logStarted [main] Started OssTest in 5.222 seconds (JVM running for 6.646)
2021-10-24 16:01:37.017 INFO com.opzpy123.util.OssUtils.createFolder [main] 创建文件夹成功
2021-10-24 16:01:37.140 INFO com.opzpy123.util.OssUtils.upload [main] oss上传文件成功:opzpy/opzpy123.sql
2021-10-24 16:33:11.294 INFO com.opzpy123.Opzpy123Application.logStarting [restartedMain] Starting Opzpy123Application using Java 1.8.0_301 on DESKTOP-9I14B8O with PID 7568 (C:\codeSpace\idea\IDEA_WorkSpace\opzpy123\target\classes started by 14411 in C:\codeSpace\idea\IDEA_WorkSpace\opzpy123)
2021-10-24 16:33:11.294 INFO com.opzpy123.Opzpy123Application.logStartupProfileInfo [restartedMain] The following profiles are active: test
2021-10-24 16:33:12.281 INFO com.opzpy123.Opzpy123Application.logStarted [restartedMain] Started Opzpy123Application in 1.025 seconds (JVM running for 7849.664)
2021-10-24 16:33:14.312 INFO com.opzpy123.Opzpy123Application.logStarting [restartedMain] Starting Opzpy123Application using Java 1.8.0_301 on DESKTOP-9I14B8O with PID 7568 (C:\codeSpace\idea\IDEA_WorkSpace\opzpy123\target\classes started by 14411 in C:\codeSpace\idea\IDEA_WorkSpace\opzpy123)
2021-10-24 16:33:14.312 INFO com.opzpy123.Opzpy123Application.logStartupProfileInfo [restartedMain] The following profiles are active: test
2021-10-24 16:33:15.347 INFO com.opzpy123.OssTest.logStarting [main] Starting OssTest using Java 1.8.0_301 on DESKTOP-9I14B8O with PID 13032 (started by 14411 in C:\codeSpace\idea\IDEA_WorkSpace\opzpy123)
2021-10-24 16:33:15.348 INFO com.opzpy123.OssTest.logStartupProfileInfo [main] The following profiles are active: test
2021-10-24 16:33:15.466 INFO com.opzpy123.Opzpy123Application.logStarted [restartedMain] Started Opzpy123Application in 1.193 seconds (JVM running for 7852.849)
2021-10-24 16:33:20.425 INFO com.opzpy123.OssTest.logStarted [main] Started OssTest in 5.522 seconds (JVM running for 7.107)
2021-10-24 16:42:37.201 INFO com.opzpy123.Opzpy123Application.logStarting [restartedMain] Starting Opzpy123Application using Java 1.8.0_301 on DESKTOP-9I14B8O with PID 7568 (C:\codeSpace\idea\IDEA_WorkSpace\opzpy123\target\classes started by 14411 in C:\codeSpace\idea\IDEA_WorkSpace\opzpy123)
2021-10-24 16:42:37.201 INFO com.opzpy123.Opzpy123Application.logStartupProfileInfo [restartedMain] The following profiles are active: test
2021-10-24 16:42:38.173 INFO com.opzpy123.Opzpy123Application.logStarted [restartedMain] Started Opzpy123Application in 1.008 seconds (JVM running for 8415.555)
2021-10-24 16:42:40.131 INFO com.opzpy123.Opzpy123Application.logStarting [restartedMain] Starting Opzpy123Application using Java 1.8.0_301 on DESKTOP-9I14B8O with PID 7568 (C:\codeSpace\idea\IDEA_WorkSpace\opzpy123\target\classes started by 14411 in C:\codeSpace\idea\IDEA_WorkSpace\opzpy123)
2021-10-24 16:42:40.131 INFO com.opzpy123.Opzpy123Application.logStartupProfileInfo [restartedMain] The following profiles are active: test
2021-10-24 16:42:40.985 INFO com.opzpy123.OssTest.logStarting [main] Starting OssTest using Java 1.8.0_301 on DESKTOP-9I14B8O with PID 8952 (started by 14411 in C:\codeSpace\idea\IDEA_WorkSpace\opzpy123)
2021-10-24 16:42:40.986 INFO com.opzpy123.OssTest.logStartupProfileInfo [main] The following profiles are active: test
2021-10-24 16:42:41.208 INFO com.opzpy123.Opzpy123Application.logStarted [restartedMain] Started Opzpy123Application in 1.115 seconds (JVM running for 8418.591)
2021-10-24 16:42:45.879 INFO com.opzpy123.OssTest.logStarted [main] Started OssTest in 5.323 seconds (JVM running for 6.726)
2021-10-24 19:46:21.797 INFO com.opzpy123.Opzpy123Application.logStarting [restartedMain] Starting Opzpy123Application using Java 1.8.0_301 on DESKTOP-9I14B8O with PID 16376 (C:\codeSpace\idea\IDEA_WorkSpace\opzpy123\target\classes started by 14411 in C:\codeSpace\idea\IDEA_WorkSpace\opzpy123)
2021-10-24 19:46:21.800 INFO com.opzpy123.Opzpy123Application.logStartupProfileInfo [restartedMain] The following profiles are active: test
2021-10-24 19:46:25.121 INFO com.opzpy123.Opzpy123Application.logStarted [restartedMain] Started Opzpy123Application in 3.713 seconds (JVM running for 4.901)
2021-10-24 19:48:10.605 INFO com.opzpy123.Opzpy123Application.logStarting [restartedMain] Starting Opzpy123Application using Java 1.8.0_301 on DESKTOP-9I14B8O with PID 16392 (C:\codeSpace\idea\IDEA_WorkSpace\opzpy123\target\classes started by 14411 in C:\codeSpace\idea\IDEA_WorkSpace\opzpy123)
2021-10-24 19:48:10.608 INFO com.opzpy123.Opzpy123Application.logStartupProfileInfo [restartedMain] The following profiles are active: test
2021-10-24 19:48:13.917 INFO com.opzpy123.Opzpy123Application.logStarted [restartedMain] Started Opzpy123Application in 3.732 seconds (JVM running for 4.689)
2021-10-24 20:15:25.223 INFO com.opzpy123.Opzpy123Application.logStarting [restartedMain] Starting Opzpy123Application using Java 1.8.0_301 on DESKTOP-9I14B8O with PID 16392 (C:\codeSpace\idea\IDEA_WorkSpace\opzpy123\target\classes started by 14411 in C:\codeSpace\idea\IDEA_WorkSpace\opzpy123)
2021-10-24 20:15:25.223 INFO com.opzpy123.Opzpy123Application.logStartupProfileInfo [restartedMain] The following profiles are active: test
2021-10-24 20:15:26.871 INFO com.opzpy123.Opzpy123Application.logStarted [restartedMain] Started Opzpy123Application in 1.686 seconds (JVM running for 1637.644)
2021-10-24 20:16:07.666 INFO com.opzpy123.Opzpy123Application.logStarting [restartedMain] Starting Opzpy123Application using Java 1.8.0_301 on DESKTOP-9I14B8O with PID 16392 (C:\codeSpace\idea\IDEA_WorkSpace\opzpy123\target\classes started by 14411 in C:\codeSpace\idea\IDEA_WorkSpace\opzpy123)
2021-10-24 20:16:07.666 INFO com.opzpy123.Opzpy123Application.logStartupProfileInfo [restartedMain] The following profiles are active: test
2021-10-24 20:16:08.700 INFO com.opzpy123.Opzpy123Application.logStarted [restartedMain] Started Opzpy123Application in 1.069 seconds (JVM running for 1679.471)
2021-10-24 20:16:10.612 INFO com.opzpy123.Opzpy123Application.logStarting [restartedMain] Starting Opzpy123Application using Java 1.8.0_301 on DESKTOP-9I14B8O with PID 16392 (C:\codeSpace\idea\IDEA_WorkSpace\opzpy123\target\classes started by 14411 in C:\codeSpace\idea\IDEA_WorkSpace\opzpy123)
2021-10-24 20:16:10.613 INFO com.opzpy123.Opzpy123Application.logStartupProfileInfo [restartedMain] The following profiles are active: test
2021-10-24 20:16:11.398 INFO com.opzpy123.Opzpy123Application.logStarted [restartedMain] Started Opzpy123Application in 0.814 seconds (JVM running for 1682.17)
2021-10-24 20:18:12.531 INFO com.opzpy123.Opzpy123Application.logStarting [restartedMain] Starting Opzpy123Application using Java 1.8.0_301 on DESKTOP-9I14B8O with PID 16392 (C:\codeSpace\idea\IDEA_WorkSpace\opzpy123\target\classes started by 14411 in C:\codeSpace\idea\IDEA_WorkSpace\opzpy123)
2021-10-24 20:18:12.531 INFO com.opzpy123.Opzpy123Application.logStartupProfileInfo [restartedMain] The following profiles are active: test
2021-10-24 20:18:13.509 INFO com.opzpy123.Opzpy123Application.logStarted [restartedMain] Started Opzpy123Application in 1.011 seconds (JVM running for 1804.281)
2021-10-24 20:18:15.290 INFO com.opzpy123.Opzpy123Application.logStarting [restartedMain] Starting Opzpy123Application using Java 1.8.0_301 on DESKTOP-9I14B8O with PID 16392 (C:\codeSpace\idea\IDEA_WorkSpace\opzpy123\target\classes started by 14411 in C:\codeSpace\idea\IDEA_WorkSpace\opzpy123)
2021-10-24 20:18:15.290 INFO com.opzpy123.Opzpy123Application.logStartupProfileInfo [restartedMain] The following profiles are active: test
2021-10-24 20:18:16.024 INFO com.opzpy123.Opzpy123Application.logStarted [restartedMain] Started Opzpy123Application in 0.761 seconds (JVM running for 1806.796)
2021-10-24 20:20:16.025 INFO com.opzpy123.Opzpy123Application.logStarting [restartedMain] Starting Opzpy123Application using Java 1.8.0_301 on DESKTOP-9I14B8O with PID 16392 (C:\codeSpace\idea\IDEA_WorkSpace\opzpy123\target\classes started by 14411 in C:\codeSpace\idea\IDEA_WorkSpace\opzpy123)
2021-10-24 20:20:16.025 INFO com.opzpy123.Opzpy123Application.logStartupProfileInfo [restartedMain] The following profiles are active: test
2021-10-24 20:20:17.070 INFO com.opzpy123.Opzpy123Application.logStarted [restartedMain] Started Opzpy123Application in 1.082 seconds (JVM running for 1927.841)
2021-10-24 20:20:19.106 INFO com.opzpy123.Opzpy123Application.logStarting [restartedMain] Starting Opzpy123Application using Java 1.8.0_301 on DESKTOP-9I14B8O with PID 16392 (C:\codeSpace\idea\IDEA_WorkSpace\opzpy123\target\classes started by 14411 in C:\codeSpace\idea\IDEA_WorkSpace\opzpy123)
2021-10-24 20:20:19.107 INFO com.opzpy123.Opzpy123Application.logStartupProfileInfo [restartedMain] The following profiles are active: test
2021-10-24 20:20:20.007 INFO com.opzpy123.Opzpy123Application.logStarted [restartedMain] Started Opzpy123Application in 0.926 seconds (JVM running for 1930.779)
2021-10-24 20:20:41.762 INFO com.opzpy123.Opzpy123Application.logStarting [restartedMain] Starting Opzpy123Application using Java 1.8.0_301 on DESKTOP-9I14B8O with PID 16392 (C:\codeSpace\idea\IDEA_WorkSpace\opzpy123\target\classes started by 14411 in C:\codeSpace\idea\IDEA_WorkSpace\opzpy123)
2021-10-24 20:20:41.762 INFO com.opzpy123.Opzpy123Application.logStartupProfileInfo [restartedMain] The following profiles are active: test
2021-10-24 20:20:42.699 INFO com.opzpy123.Opzpy123Application.logStarted [restartedMain] Started Opzpy123Application in 0.968 seconds (JVM running for 1953.471)
2021-10-24 20:20:44.512 INFO com.opzpy123.Opzpy123Application.logStarting [restartedMain] Starting Opzpy123Application using Java 1.8.0_301 on DESKTOP-9I14B8O with PID 16392 (C:\codeSpace\idea\IDEA_WorkSpace\opzpy123\target\classes started by 14411 in C:\codeSpace\idea\IDEA_WorkSpace\opzpy123)
2021-10-24 20:20:44.512 INFO com.opzpy123.Opzpy123Application.logStartupProfileInfo [restartedMain] The following profiles are active: test
2021-10-24 20:20:45.482 INFO com.opzpy123.Opzpy123Application.logStarted [restartedMain] Started Opzpy123Application in 1.0 seconds (JVM running for 1956.254)
2021-10-24 20:27:11.720 INFO com.opzpy123.Opzpy123Application.logStarting [restartedMain] Starting Opzpy123Application using Java 1.8.0_301 on DESKTOP-9I14B8O with PID 8132 (C:\codeSpace\idea\IDEA_WorkSpace\opzpy123\target\classes started by 14411 in C:\codeSpace\idea\IDEA_WorkSpace\opzpy123)
2021-10-24 20:27:11.722 INFO com.opzpy123.Opzpy123Application.logStartupProfileInfo [restartedMain] The following profiles are active: test
2021-10-24 20:27:14.751 INFO com.opzpy123.Opzpy123Application.logStarted [restartedMain] Started Opzpy123Application in 3.425 seconds (JVM running for 4.388)
2021-10-24 20:30:03.301 INFO com.opzpy123.Opzpy123Application.logStarting [restartedMain] Starting Opzpy123Application using Java 1.8.0_301 on DESKTOP-9I14B8O with PID 8132 (C:\codeSpace\idea\IDEA_WorkSpace\opzpy123\target\classes started by 14411 in C:\codeSpace\idea\IDEA_WorkSpace\opzpy123)
2021-10-24 20:30:03.302 INFO com.opzpy123.Opzpy123Application.logStartupProfileInfo [restartedMain] The following profiles are active: test
2021-10-24 20:30:04.459 INFO com.opzpy123.Opzpy123Application.logStarted [restartedMain] Started Opzpy123Application in 1.202 seconds (JVM running for 174.097)
2021-10-24 20:30:06.324 INFO com.opzpy123.Opzpy123Application.logStarting [restartedMain] Starting Opzpy123Application using Java 1.8.0_301 on DESKTOP-9I14B8O with PID 8132 (C:\codeSpace\idea\IDEA_WorkSpace\opzpy123\target\classes started by 14411 in C:\codeSpace\idea\IDEA_WorkSpace\opzpy123)
2021-10-24 20:30:06.325 INFO com.opzpy123.Opzpy123Application.logStartupProfileInfo [restartedMain] The following profiles are active: test
2021-10-24 20:30:07.161 INFO com.opzpy123.Opzpy123Application.logStarted [restartedMain] Started Opzpy123Application in 0.883 seconds (JVM running for 176.799)
2021-10-24 20:31:43.868 INFO com.opzpy123.Opzpy123Application.logStarting [restartedMain] Starting Opzpy123Application using Java 1.8.0_301 on DESKTOP-9I14B8O with PID 8132 (C:\codeSpace\idea\IDEA_WorkSpace\opzpy123\target\classes started by 14411 in C:\codeSpace\idea\IDEA_WorkSpace\opzpy123)
2021-10-24 20:31:43.869 INFO com.opzpy123.Opzpy123Application.logStartupProfileInfo [restartedMain] The following profiles are active: test
2021-10-24 20:31:44.760 INFO com.opzpy123.Opzpy123Application.logStarted [restartedMain] Started Opzpy123Application in 0.931 seconds (JVM running for 274.397)
2021-10-24 20:31:47.141 INFO com.opzpy123.Opzpy123Application.logStarting [restartedMain] Starting Opzpy123Application using Java 1.8.0_301 on DESKTOP-9I14B8O with PID 8132 (C:\codeSpace\idea\IDEA_WorkSpace\opzpy123\target\classes started by 14411 in C:\codeSpace\idea\IDEA_WorkSpace\opzpy123)
2021-10-24 20:31:47.141 INFO com.opzpy123.Opzpy123Application.logStartupProfileInfo [restartedMain] The following profiles are active: test
2021-10-24 20:31:48.084 INFO com.opzpy123.Opzpy123Application.logStarted [restartedMain] Started Opzpy123Application in 0.971 seconds (JVM running for 277.722)
2021-10-24 20:35:15.400 INFO com.opzpy123.Opzpy123Application.logStarting [restartedMain] Starting Opzpy123Application using Java 1.8.0_301 on DESKTOP-9I14B8O with PID 8132 (C:\codeSpace\idea\IDEA_WorkSpace\opzpy123\target\classes started by 14411 in C:\codeSpace\idea\IDEA_WorkSpace\opzpy123)
2021-10-24 20:35:15.400 INFO com.opzpy123.Opzpy123Application.logStartupProfileInfo [restartedMain] The following profiles are active: test
2021-10-24 20:35:16.325 INFO com.opzpy123.Opzpy123Application.logStarted [restartedMain] Started Opzpy123Application in 0.964 seconds (JVM running for 485.963)
2021-10-24 20:35:18.181 INFO com.opzpy123.Opzpy123Application.logStarting [restartedMain] Starting Opzpy123Application using Java 1.8.0_301 on DESKTOP-9I14B8O with PID 8132 (C:\codeSpace\idea\IDEA_WorkSpace\opzpy123\target\classes started by 14411 in C:\codeSpace\idea\IDEA_WorkSpace\opzpy123)
2021-10-24 20:35:18.181 INFO com.opzpy123.Opzpy123Application.logStartupProfileInfo [restartedMain] The following profiles are active: test
2021-10-24 20:35:18.917 INFO com.opzpy123.Opzpy123Application.logStarted [restartedMain] Started Opzpy123Application in 0.762 seconds (JVM running for 488.555)
2021-10-24 20:37:57.734 INFO com.opzpy123.Opzpy123Application.logStarting [restartedMain] Starting Opzpy123Application using Java 1.8.0_301 on DESKTOP-9I14B8O with PID 8132 (C:\codeSpace\idea\IDEA_WorkSpace\opzpy123\target\classes started by 14411 in C:\codeSpace\idea\IDEA_WorkSpace\opzpy123)
2021-10-24 20:37:57.734 INFO com.opzpy123.Opzpy123Application.logStartupProfileInfo [restartedMain] The following profiles are active: test
2021-10-24 20:37:58.639 INFO com.opzpy123.Opzpy123Application.logStarted [restartedMain] Started Opzpy123Application in 0.937 seconds (JVM running for 648.277)
2021-10-24 20:38:00.556 INFO com.opzpy123.Opzpy123Application.logStarting [restartedMain] Starting Opzpy123Application using Java 1.8.0_301 on DESKTOP-9I14B8O with PID 8132 (C:\codeSpace\idea\IDEA_WorkSpace\opzpy123\target\classes started by 14411 in C:\codeSpace\idea\IDEA_WorkSpace\opzpy123)
2021-10-24 20:38:00.557 INFO com.opzpy123.Opzpy123Application.logStartupProfileInfo [restartedMain] The following profiles are active: test
2021-10-24 20:38:01.331 INFO com.opzpy123.Opzpy123Application.logStarted [restartedMain] Started Opzpy123Application in 0.802 seconds (JVM running for 650.97)
2021-10-24 20:39:54.199 INFO com.opzpy123.Opzpy123Application.logStarting [restartedMain] Starting Opzpy123Application using Java 1.8.0_301 on DESKTOP-9I14B8O with PID 8132 (C:\codeSpace\idea\IDEA_WorkSpace\opzpy123\target\classes started by 14411 in C:\codeSpace\idea\IDEA_WorkSpace\opzpy123)
2021-10-24 20:39:54.199 INFO com.opzpy123.Opzpy123Application.logStartupProfileInfo [restartedMain] The following profiles are active: test
2021-10-24 20:39:55.076 INFO com.opzpy123.Opzpy123Application.logStarted [restartedMain] Started Opzpy123Application in 0.903 seconds (JVM running for 764.714)
2021-10-24 20:39:56.950 INFO com.opzpy123.Opzpy123Application.logStarting [restartedMain] Starting Opzpy123Application using Java 1.8.0_301 on DESKTOP-9I14B8O with PID 8132 (C:\codeSpace\idea\IDEA_WorkSpace\opzpy123\target\classes started by 14411 in C:\codeSpace\idea\IDEA_WorkSpace\opzpy123)
2021-10-24 20:39:56.950 INFO com.opzpy123.Opzpy123Application.logStartupProfileInfo [restartedMain] The following profiles are active: test
2021-10-24 20:39:57.692 INFO com.opzpy123.Opzpy123Application.logStarted [restartedMain] Started Opzpy123Application in 0.765 seconds (JVM running for 767.329)
2021-10-24 20:40:24.521 INFO com.opzpy123.Opzpy123Application.logStarting [restartedMain] Starting Opzpy123Application using Java 1.8.0_301 on DESKTOP-9I14B8O with PID 8132 (C:\codeSpace\idea\IDEA_WorkSpace\opzpy123\target\classes started by 14411 in C:\codeSpace\idea\IDEA_WorkSpace\opzpy123)
2021-10-24 20:40:24.522 INFO com.opzpy123.Opzpy123Application.logStartupProfileInfo [restartedMain] The following profiles are active: test
2021-10-24 20:40:25.394 INFO com.opzpy123.Opzpy123Application.logStarted [restartedMain] Started Opzpy123Application in 0.904 seconds (JVM running for 795.031)
2021-10-24 20:40:27.297 INFO com.opzpy123.Opzpy123Application.logStarting [restartedMain] Starting Opzpy123Application using Java 1.8.0_301 on DESKTOP-9I14B8O with PID 8132 (C:\codeSpace\idea\IDEA_WorkSpace\opzpy123\target\classes started by 14411 in C:\codeSpace\idea\IDEA_WorkSpace\opzpy123)
2021-10-24 20:40:27.297 INFO com.opzpy123.Opzpy123Application.logStartupProfileInfo [restartedMain] The following profiles are active: test
2021-10-24 20:40:28.100 INFO com.opzpy123.Opzpy123Application.logStarted [restartedMain] Started Opzpy123Application in 0.827 seconds (JVM running for 797.738)
2021-10-24 20:41:59.388 INFO com.opzpy123.Opzpy123Application.logStarting [restartedMain] Starting Opzpy123Application using Java 1.8.0_301 on DESKTOP-9I14B8O with PID 8132 (C:\codeSpace\idea\IDEA_WorkSpace\opzpy123\target\classes started by 14411 in C:\codeSpace\idea\IDEA_WorkSpace\opzpy123)
2021-10-24 20:41:59.388 INFO com.opzpy123.Opzpy123Application.logStartupProfileInfo [restartedMain] The following profiles are active: test
2021-10-24 20:42:00.283 INFO com.opzpy123.Opzpy123Application.logStarted [restartedMain] Started Opzpy123Application in 0.928 seconds (JVM running for 889.92)
2021-10-24 20:42:02.187 INFO com.opzpy123.Opzpy123Application.logStarting [restartedMain] Starting Opzpy123Application using Java 1.8.0_301 on DESKTOP-9I14B8O with PID 8132 (C:\codeSpace\idea\IDEA_WorkSpace\opzpy123\target\classes started by 14411 in C:\codeSpace\idea\IDEA_WorkSpace\opzpy123)
2021-10-24 20:42:02.187 INFO com.opzpy123.Opzpy123Application.logStartupProfileInfo [restartedMain] The following profiles are active: test
2021-10-24 20:42:02.988 INFO com.opzpy123.Opzpy123Application.logStarted [restartedMain] Started Opzpy123Application in 0.824 seconds (JVM running for 892.625)
2021-10-24 20:42:14.388 INFO com.opzpy123.util.OssUtils.upload [http-nio-7789-exec-7] oss上传文件成功:AuthUser(username=admin, password=$2a$10$HGfoF9LT5eT6wTPFfFyT9uygPESLZ6Jcx9iX74HWBsq6ID0.g9T3q, avatar=null, email=1441120973@qq.com, phone=null, roles=ROLE_ADMIN)/opzpy123.sql
2021-10-24 20:42:58.880 INFO com.opzpy123.Opzpy123Application.logStarting [restartedMain] Starting Opzpy123Application using Java 1.8.0_301 on DESKTOP-9I14B8O with PID 6668 (C:\codeSpace\idea\IDEA_WorkSpace\opzpy123\target\classes started by 14411 in C:\codeSpace\idea\IDEA_WorkSpace\opzpy123)
2021-10-24 20:42:58.884 INFO com.opzpy123.Opzpy123Application.logStartupProfileInfo [restartedMain] The following profiles are active: test
2021-10-24 20:43:01.873 INFO com.opzpy123.Opzpy123Application.logStarted [restartedMain] Started Opzpy123Application in 3.378 seconds (JVM running for 4.309)
2021-10-24 20:43:10.821 INFO com.opzpy123.util.OssUtils.upload [http-nio-7789-exec-7] oss上传文件成功:AuthUser(username=admin, password=$2a$10$HGfoF9LT5eT6wTPFfFyT9uygPESLZ6Jcx9iX74HWBsq6ID0.g9T3q, avatar=null, email=1441120973@qq.com, phone=null, roles=ROLE_ADMIN)/opzpy123.sql
2021-10-24 20:44:45.769 ERROR com.opzpy123.util.OssUtils.upload [http-nio-7789-exec-2] oss上传文件失败:网络连接错误，详细信息：Connection pool shut down
[ErrorCode]: Unknown
[RequestId]: Unknown
2021-10-24 20:45:35.769 INFO com.opzpy123.Opzpy123Application.logStarting [restartedMain] Starting Opzpy123Application using Java 1.8.0_301 on DESKTOP-9I14B8O with PID 16788 (C:\codeSpace\idea\IDEA_WorkSpace\opzpy123\target\classes started by 14411 in C:\codeSpace\idea\IDEA_WorkSpace\opzpy123)
2021-10-24 20:45:35.772 INFO com.opzpy123.Opzpy123Application.logStartupProfileInfo [restartedMain] The following profiles are active: test
2021-10-24 20:45:38.793 INFO com.opzpy123.Opzpy123Application.logStarted [restartedMain] Started Opzpy123Application in 3.485 seconds (JVM running for 4.713)
2021-10-24 20:45:49.505 INFO com.opzpy123.util.OssUtils.upload [http-nio-7789-exec-7] oss上传文件成功:AuthUser(username=admin, password=$2a$10$HGfoF9LT5eT6wTPFfFyT9uygPESLZ6Jcx9iX74HWBsq6ID0.g9T3q, avatar=null, email=1441120973@qq.com, phone=null, roles=ROLE_ADMIN)/opzpy123.sql
2021-10-24 20:46:26.952 ERROR com.opzpy123.util.OssUtils.upload [http-nio-7789-exec-2] oss上传文件失败:网络连接错误，详细信息：Connection pool shut down
[ErrorCode]: Unknown
[RequestId]: Unknown
2021-10-24 20:47:48.280 INFO com.opzpy123.Opzpy123Application.logStarting [restartedMain] Starting Opzpy123Application using Java 1.8.0_301 on DESKTOP-9I14B8O with PID 16788 (C:\codeSpace\idea\IDEA_WorkSpace\opzpy123\target\classes started by 14411 in C:\codeSpace\idea\IDEA_WorkSpace\opzpy123)
2021-10-24 20:47:48.281 INFO com.opzpy123.Opzpy123Application.logStartupProfileInfo [restartedMain] The following profiles are active: test
2021-10-24 20:47:49.262 INFO com.opzpy123.Opzpy123Application.logStarted [restartedMain] Started Opzpy123Application in 1.036 seconds (JVM running for 135.182)
2021-10-24 20:47:51.227 INFO com.opzpy123.Opzpy123Application.logStarting [restartedMain] Starting Opzpy123Application using Java 1.8.0_301 on DESKTOP-9I14B8O with PID 16788 (C:\codeSpace\idea\IDEA_WorkSpace\opzpy123\target\classes started by 14411 in C:\codeSpace\idea\IDEA_WorkSpace\opzpy123)
2021-10-24 20:47:51.227 INFO com.opzpy123.Opzpy123Application.logStartupProfileInfo [restartedMain] The following profiles are active: test
2021-10-24 20:47:52.009 INFO com.opzpy123.Opzpy123Application.logStarted [restartedMain] Started Opzpy123Application in 0.813 seconds (JVM running for 137.929)
2021-10-24 20:48:00.475 INFO com.opzpy123.util.OssUtils.upload [http-nio-7789-exec-8] oss上传文件成功:admin/opzpy123.sql
2021-10-24 20:48:51.275 INFO com.opzpy123.Opzpy123Application.logStarting [restartedMain] Starting Opzpy123Application using Java 1.8.0_301 on DESKTOP-9I14B8O with PID 7352 (C:\codeSpace\idea\IDEA_WorkSpace\opzpy123\target\classes started by 14411 in C:\codeSpace\idea\IDEA_WorkSpace\opzpy123)
2021-10-24 20:48:51.279 INFO com.opzpy123.Opzpy123Application.logStartupProfileInfo [restartedMain] The following profiles are active: test
2021-10-24 20:48:54.351 INFO com.opzpy123.Opzpy123Application.logStarted [restartedMain] Started Opzpy123Application in 3.498 seconds (JVM running for 4.516)
2021-10-24 20:49:07.827 INFO com.opzpy123.util.OssUtils.upload [http-nio-7789-exec-7] oss上传文件成功:admin/test.jpg
2021-10-24 21:02:47.635 INFO com.opzpy123.Opzpy123Application.logStarting [restartedMain] Starting Opzpy123Application using Java 1.8.0_301 on DESKTOP-9I14B8O with PID 14536 (C:\codeSpace\idea\IDEA_WorkSpace\opzpy123\target\classes started by 14411 in C:\codeSpace\idea\IDEA_WorkSpace\opzpy123)
2021-10-24 21:02:47.637 INFO com.opzpy123.Opzpy123Application.logStartupProfileInfo [restartedMain] The following profiles are active: test
2021-10-24 21:02:50.681 INFO com.opzpy123.Opzpy123Application.logStarted [restartedMain] Started Opzpy123Application in 3.448 seconds (JVM running for 4.409)
2021-10-24 21:12:58.091 INFO com.opzpy123.Opzpy123Application.logStarting [restartedMain] Starting Opzpy123Application using Java 1.8.0_301 on DESKTOP-9I14B8O with PID 14536 (C:\codeSpace\idea\IDEA_WorkSpace\opzpy123\target\classes started by 14411 in C:\codeSpace\idea\IDEA_WorkSpace\opzpy123)
2021-10-24 21:12:58.092 INFO com.opzpy123.Opzpy123Application.logStartupProfileInfo [restartedMain] The following profiles are active: test
2021-10-24 21:12:59.595 INFO com.opzpy123.Opzpy123Application.logStarted [restartedMain] Started Opzpy123Application in 1.568 seconds (JVM running for 613.323)
2021-10-24 21:13:01.626 INFO com.opzpy123.Opzpy123Application.logStarting [restartedMain] Starting Opzpy123Application using Java 1.8.0_301 on DESKTOP-9I14B8O with PID 14536 (C:\codeSpace\idea\IDEA_WorkSpace\opzpy123\target\classes started by 14411 in C:\codeSpace\idea\IDEA_WorkSpace\opzpy123)
2021-10-24 21:13:01.627 INFO com.opzpy123.Opzpy123Application.logStartupProfileInfo [restartedMain] The following profiles are active: test
2021-10-24 21:13:02.571 INFO com.opzpy123.Opzpy123Application.logStarted [restartedMain] Started Opzpy123Application in 1.028 seconds (JVM running for 616.3)
2021-10-24 21:14:46.125 INFO com.opzpy123.Opzpy123Application.logStarting [restartedMain] Starting Opzpy123Application using Java 1.8.0_301 on DESKTOP-9I14B8O with PID 14536 (C:\codeSpace\idea\IDEA_WorkSpace\opzpy123\target\classes started by 14411 in C:\codeSpace\idea\IDEA_WorkSpace\opzpy123)
2021-10-24 21:14:46.125 INFO com.opzpy123.Opzpy123Application.logStartupProfileInfo [restartedMain] The following profiles are active: test
2021-10-24 21:14:47.082 INFO com.opzpy123.Opzpy123Application.logStarted [restartedMain] Started Opzpy123Application in 0.991 seconds (JVM running for 720.811)
2021-10-24 21:18:43.393 INFO com.opzpy123.util.OssUtils.upload [http-nio-7789-exec-1] oss上传文件成功:admin/W3School全套教程.CHM
2021-10-24 21:21:26.955 ERROR com.opzpy123.util.OssUtils.upload [http-nio-7789-exec-2] oss上传文件失败:网络连接错误，详细信息：Connection pool shut down
[ErrorCode]: Unknown
[RequestId]: Unknown
2021-10-24 21:21:42.217 ERROR com.opzpy123.util.OssUtils.upload [http-nio-7789-exec-8] oss上传文件失败:网络连接错误，详细信息：Connection pool shut down
[ErrorCode]: Unknown
[RequestId]: Unknown
2021-10-24 21:22:10.221 ERROR com.opzpy123.util.OssUtils.upload [http-nio-7789-exec-1] oss上传文件失败:网络连接错误，详细信息：Connection pool shut down
[ErrorCode]: Unknown
[RequestId]: Unknown
2021-10-24 21:24:19.792 INFO com.opzpy123.Opzpy123Application.logStarting [restartedMain] Starting Opzpy123Application using Java 1.8.0_301 on DESKTOP-9I14B8O with PID 11220 (C:\codeSpace\idea\IDEA_WorkSpace\opzpy123\target\classes started by 14411 in C:\codeSpace\idea\IDEA_WorkSpace\opzpy123)
2021-10-24 21:24:19.796 INFO com.opzpy123.Opzpy123Application.logStartupProfileInfo [restartedMain] The following profiles are active: test
2021-10-24 21:24:23.638 INFO com.opzpy123.Opzpy123Application.logStarted [restartedMain] Started Opzpy123Application in 4.291 seconds (JVM running for 5.277)
2021-10-24 21:24:53.930 INFO com.opzpy123.util.OssUtils.upload [http-nio-7789-exec-7] oss上传文件成功:admin/jdk api 1.8_google.CHM
2021-10-24 21:27:17.968 INFO com.opzpy123.util.OssUtils.upload [http-nio-7789-exec-7] oss上传文件成功:admin/redis.tar
2021-10-24 21:27:25.707 ERROR com.opzpy123.util.OssUtils.upload [http-nio-7789-exec-10] oss上传文件失败:sleep interrupted
[ErrorCode]: Unknown
[RequestId]: Unknown
2021-10-24 21:27:25.921 INFO com.opzpy123.Opzpy123Application.logStarting [restartedMain] Starting Opzpy123Application using Java 1.8.0_301 on DESKTOP-9I14B8O with PID 11220 (C:\codeSpace\idea\IDEA_WorkSpace\opzpy123\target\classes started by 14411 in C:\codeSpace\idea\IDEA_WorkSpace\opzpy123)
2021-10-24 21:27:25.922 INFO com.opzpy123.Opzpy123Application.logStartupProfileInfo [restartedMain] The following profiles are active: test
2021-10-24 21:27:28.244 INFO com.opzpy123.Opzpy123Application.logStarting [restartedMain] Starting Opzpy123Application using Java 1.8.0_301 on DESKTOP-9I14B8O with PID 11220 (C:\codeSpace\idea\IDEA_WorkSpace\opzpy123\target\classes started by 14411 in C:\codeSpace\idea\IDEA_WorkSpace\opzpy123)
2021-10-24 21:27:28.244 INFO com.opzpy123.Opzpy123Application.logStartupProfileInfo [restartedMain] The following profiles are active: test
2021-10-24 21:27:29.305 INFO com.opzpy123.Opzpy123Application.logStarted [restartedMain] Started Opzpy123Application in 1.106 seconds (JVM running for 190.943)
2021-10-24 21:33:24.935 INFO com.opzpy123.util.OssUtils.upload [http-nio-7789-exec-5] oss上传文件成功:admin/2013刘一男考研词汇5500讲义讲解.pdf
2021-10-24 21:35:14.934 ERROR com.opzpy123.util.OssUtils.upload [http-nio-7789-exec-6] oss上传文件失败:网络连接错误，详细信息：Connection pool shut down
[ErrorCode]: Unknown
[RequestId]: Unknown
2021-10-24 21:36:27.059 ERROR com.opzpy123.util.OssUtils.upload [http-nio-7789-exec-10] oss上传文件失败:网络连接错误，详细信息：Connection pool shut down
[ErrorCode]: Unknown
[RequestId]: Unknown
2021-10-24 21:41:10.268 INFO com.opzpy123.Opzpy123Application.logStarting [restartedMain] Starting Opzpy123Application using Java 1.8.0_301 on DESKTOP-9I14B8O with PID 11220 (C:\codeSpace\idea\IDEA_WorkSpace\opzpy123\target\classes started by 14411 in C:\codeSpace\idea\IDEA_WorkSpace\opzpy123)
2021-10-24 21:41:10.268 INFO com.opzpy123.Opzpy123Application.logStartupProfileInfo [restartedMain] The following profiles are active: test
2021-10-24 21:41:13.191 INFO com.opzpy123.Opzpy123Application.logStarting [restartedMain] Starting Opzpy123Application using Java 1.8.0_301 on DESKTOP-9I14B8O with PID 11220 (C:\codeSpace\idea\IDEA_WorkSpace\opzpy123\target\classes started by 14411 in C:\codeSpace\idea\IDEA_WorkSpace\opzpy123)
2021-10-24 21:41:13.191 INFO com.opzpy123.Opzpy123Application.logStartupProfileInfo [restartedMain] The following profiles are active: test
2021-10-24 21:41:14.365 INFO com.opzpy123.Opzpy123Application.logStarted [restartedMain] Started Opzpy123Application in 1.243 seconds (JVM running for 1016.004)
2021-10-24 21:41:56.933 INFO com.opzpy123.util.OssUtils.upload [http-nio-7789-exec-5] oss上传文件成功:admin/深入实践SpringBoot.pdf
2021-10-24 21:41:57.542 ERROR com.opzpy123.util.OssUtils.upload [http-nio-7789-exec-4] oss上传文件失败:网络连接错误，详细信息：Connection pool shut down
[ErrorCode]: Unknown
[RequestId]: Unknown
2021-10-24 21:42:55.950 ERROR com.opzpy123.util.OssUtils.upload [http-nio-7789-exec-9] oss上传文件失败:网络连接错误，详细信息：Connection pool shut down
[ErrorCode]: Unknown
[RequestId]: Unknown
2021-10-24 21:43:32.553 ERROR com.opzpy123.util.OssUtils.upload [http-nio-7789-exec-3] oss上传文件失败:网络连接错误，详细信息：Connection pool shut down
[ErrorCode]: Unknown
[RequestId]: Unknown
2021-10-24 21:43:58.334 ERROR com.opzpy123.util.OssUtils.upload [http-nio-7789-exec-7] oss上传文件失败:网络连接错误，详细信息：Connection pool shut down
[ErrorCode]: Unknown
[RequestId]: Unknown
2021-10-24 21:45:39.619 INFO com.opzpy123.Opzpy123Application.logStarting [restartedMain] Starting Opzpy123Application using Java 1.8.0_301 on DESKTOP-9I14B8O with PID 16024 (C:\codeSpace\idea\IDEA_WorkSpace\opzpy123\target\classes started by 14411 in C:\codeSpace\idea\IDEA_WorkSpace\opzpy123)
2021-10-24 21:45:39.622 INFO com.opzpy123.Opzpy123Application.logStartupProfileInfo [restartedMain] The following profiles are active: test
2021-10-24 21:45:42.845 INFO com.opzpy123.Opzpy123Application.logStarted [restartedMain] Started Opzpy123Application in 3.704 seconds (JVM running for 4.727)
2021-10-24 21:46:11.499 INFO com.opzpy123.util.OssUtils.upload [http-nio-7789-exec-2] oss上传文件成功:admin/深入实践SpringBoot.pdf
2021-10-24 21:47:30.059 ERROR com.opzpy123.util.OssUtils.upload [http-nio-7789-exec-6] oss上传文件失败:网络连接错误，详细信息：Connection pool shut down
[ErrorCode]: Unknown
[RequestId]: Unknown
2021-10-24 21:52:17.632 INFO com.opzpy123.Opzpy123Application.logStarting [restartedMain] Starting Opzpy123Application using Java 1.8.0_301 on DESKTOP-9I14B8O with PID 16024 (C:\codeSpace\idea\IDEA_WorkSpace\opzpy123\target\classes started by 14411 in C:\codeSpace\idea\IDEA_WorkSpace\opzpy123)
2021-10-24 21:52:17.633 INFO com.opzpy123.Opzpy123Application.logStartupProfileInfo [restartedMain] The following profiles are active: test
2021-10-24 21:52:18.843 INFO com.opzpy123.Opzpy123Application.logStarted [restartedMain] Started Opzpy123Application in 1.265 seconds (JVM running for 400.725)
2021-10-24 21:52:20.847 INFO com.opzpy123.Opzpy123Application.logStarting [restartedMain] Starting Opzpy123Application using Java 1.8.0_301 on DESKTOP-9I14B8O with PID 16024 (C:\codeSpace\idea\IDEA_WorkSpace\opzpy123\target\classes started by 14411 in C:\codeSpace\idea\IDEA_WorkSpace\opzpy123)
2021-10-24 21:52:20.847 INFO com.opzpy123.Opzpy123Application.logStartupProfileInfo [restartedMain] The following profiles are active: test
2021-10-24 21:52:21.721 INFO com.opzpy123.Opzpy123Application.logStarted [restartedMain] Started Opzpy123Application in 0.929 seconds (JVM running for 403.603)
2021-10-24 21:52:29.801 INFO com.opzpy123.Opzpy123Application.logStarting [restartedMain] Starting Opzpy123Application using Java 1.8.0_301 on DESKTOP-9I14B8O with PID 16024 (C:\codeSpace\idea\IDEA_WorkSpace\opzpy123\target\classes started by 14411 in C:\codeSpace\idea\IDEA_WorkSpace\opzpy123)
2021-10-24 21:52:29.802 INFO com.opzpy123.Opzpy123Application.logStartupProfileInfo [restartedMain] The following profiles are active: test
2021-10-24 21:52:30.916 INFO com.opzpy123.Opzpy123Application.logStarted [restartedMain] Started Opzpy123Application in 1.146 seconds (JVM running for 412.798)
2021-10-24 21:52:32.810 INFO com.opzpy123.Opzpy123Application.logStarting [restartedMain] Starting Opzpy123Application using Java 1.8.0_301 on DESKTOP-9I14B8O with PID 16024 (C:\codeSpace\idea\IDEA_WorkSpace\opzpy123\target\classes started by 14411 in C:\codeSpace\idea\IDEA_WorkSpace\opzpy123)
2021-10-24 21:52:32.810 INFO com.opzpy123.Opzpy123Application.logStartupProfileInfo [restartedMain] The following profiles are active: test
2021-10-24 21:52:33.640 INFO com.opzpy123.Opzpy123Application.logStarted [restartedMain] Started Opzpy123Application in 0.856 seconds (JVM running for 415.522)
2021-10-24 21:54:14.226 INFO com.opzpy123.Opzpy123Application.logStarting [restartedMain] Starting Opzpy123Application using Java 1.8.0_301 on DESKTOP-9I14B8O with PID 16024 (C:\codeSpace\idea\IDEA_WorkSpace\opzpy123\target\classes started by 14411 in C:\codeSpace\idea\IDEA_WorkSpace\opzpy123)
2021-10-24 21:54:14.227 INFO com.opzpy123.Opzpy123Application.logStartupProfileInfo [restartedMain] The following profiles are active: test
2021-10-24 21:54:15.456 INFO com.opzpy123.Opzpy123Application.logStarted [restartedMain] Started Opzpy123Application in 1.274 seconds (JVM running for 517.338)
2021-10-24 21:54:17.378 INFO com.opzpy123.Opzpy123Application.logStarting [restartedMain] Starting Opzpy123Application using Java 1.8.0_301 on DESKTOP-9I14B8O with PID 16024 (C:\codeSpace\idea\IDEA_WorkSpace\opzpy123\target\classes started by 14411 in C:\codeSpace\idea\IDEA_WorkSpace\opzpy123)
2021-10-24 21:54:17.379 INFO com.opzpy123.Opzpy123Application.logStartupProfileInfo [restartedMain] The following profiles are active: test
2021-10-24 21:54:18.200 INFO com.opzpy123.Opzpy123Application.logStarted [restartedMain] Started Opzpy123Application in 0.847 seconds (JVM running for 520.079)
2021-10-24 21:58:04.108 INFO com.opzpy123.util.OssUtils.upload [http-nio-7789-exec-6] oss上传文件成功:admin/mysql.tar
2021-10-24 22:04:38.419 INFO com.opzpy123.Opzpy123Application.logStarting [restartedMain] Starting Opzpy123Application using Java 1.8.0_301 on DESKTOP-9I14B8O with PID 16024 (C:\codeSpace\idea\IDEA_WorkSpace\opzpy123\target\classes started by 14411 in C:\codeSpace\idea\IDEA_WorkSpace\opzpy123)
2021-10-24 22:04:38.419 INFO com.opzpy123.Opzpy123Application.logStartupProfileInfo [restartedMain] The following profiles are active: test
2021-10-24 22:04:39.529 INFO com.opzpy123.Opzpy123Application.logStarted [restartedMain] Started Opzpy123Application in 1.156 seconds (JVM running for 1141.41)
2021-10-24 22:04:41.569 INFO com.opzpy123.Opzpy123Application.logStarting [restartedMain] Starting Opzpy123Application using Java 1.8.0_301 on DESKTOP-9I14B8O with PID 16024 (C:\codeSpace\idea\IDEA_WorkSpace\opzpy123\target\classes started by 14411 in C:\codeSpace\idea\IDEA_WorkSpace\opzpy123)
2021-10-24 22:04:41.569 INFO com.opzpy123.Opzpy123Application.logStartupProfileInfo [restartedMain] The following profiles are active: test
2021-10-24 22:04:42.351 INFO com.opzpy123.Opzpy123Application.logStarted [restartedMain] Started Opzpy123Application in 0.81 seconds (JVM running for 1144.233)
